<?xml version="1.0" encoding="UTF-8"?>
<!-- Generated by org.testng.reporters.JUnitReportReporter -->
<testsuite hostname="WINCTRL-6AL1M0F" failures="0" tests="1" name="ai.Dalalnew.TestBase.TestBase" time="29.809" errors="0" timestamp="2022-12-24T09:56:59 IST" skipped="0">
  <testcase classname="ai.Dalalnew.TestBase.TestBase" name="setup" time="29.809"/>
  <system-out/>
</testsuite> <!-- ai.Dalalnew.TestBase.TestBase -->
