<?xml version="1.0" encoding="UTF-8"?>
<!-- Generated by org.testng.reporters.JUnitReportReporter -->
<testsuite hostname="WINCTRL-6AL1M0F" failures="0" tests="1" name="ai.Dalalnew.TestLayer.LoginPageTest" time="49.868" errors="0" timestamp="2022-12-25T10:47:40 IST" skipped="0">
  <testcase classname="ai.Dalalnew.TestLayer.LoginPageTest" name="verifyLogin" time="49.868"/>
  <system-out/>
</testsuite> <!-- ai.Dalalnew.TestLayer.LoginPageTest -->
